1749939916.632007 client started (656449): version 3.4, socket /tmp/tmux-6447/default, protocol 8
1749939916.632028 on Linux 6.11.0-19-generic #19~24.04.1-Ubuntu SMP PREEMPT_DYNAMIC Mon Feb 17 11:51:52 UTC 2
1749939916.632033 using libevent 2.1.12-stable poll
1749939916.632036 using ncurses 6.4 20240113
1749939916.632049 flags are 0x18010000
1749939916.632060 socket is /tmp/tmux-6447/default
1749939916.632068 trying connect
1749939916.632122 add peer 0x61ada693b760: 6 ((nil))
1749939916.632424 sending message 100 to peer 0x61ada693b760 (4 bytes)
1749939916.632646 sending message 111 to peer 0x61ada693b760 (8 bytes)
1749939916.632650 sending message 101 to peer 0x61ada693b760 (15 bytes)
1749939916.632654 sending message 109 to peer 0x61ada693b760 (4 bytes)
1749939916.632657 sending message 102 to peer 0x61ada693b760 (12 bytes)
1749939916.632660 sending message 108 to peer 0x61ada693b760 (21 bytes)
1749939916.632663 sending message 112 to peer 0x61ada693b760 (58 bytes)
1749939916.632666 sending message 112 to peer 0x61ada693b760 (5 bytes)
1749939916.632668 sending message 112 to peer 0x61ada693b760 (5 bytes)
1749939916.632672 sending message 112 to peer 0x61ada693b760 (6 bytes)
1749939916.632674 sending message 112 to peer 0x61ada693b760 (6 bytes)
1749939916.632677 sending message 112 to peer 0x61ada693b760 (11 bytes)
1749939916.632680 sending message 112 to peer 0x61ada693b760 (10 bytes)
1749939916.632683 sending message 112 to peer 0x61ada693b760 (13 bytes)
1749939916.632686 sending message 112 to peer 0x61ada693b760 (14 bytes)
1749939916.632691 sending message 112 to peer 0x61ada693b760 (19 bytes)
1749939916.632694 sending message 112 to peer 0x61ada693b760 (11 bytes)
1749939916.632696 sending message 112 to peer 0x61ada693b760 (10 bytes)
1749939916.632699 sending message 112 to peer 0x61ada693b760 (15 bytes)
1749939916.632701 sending message 112 to peer 0x61ada693b760 (21 bytes)
1749939916.632705 sending message 112 to peer 0x61ada693b760 (13 bytes)
1749939916.633044 sending message 112 to peer 0x61ada693b760 (7 bytes)
1749939916.633047 sending message 112 to peer 0x61ada693b760 (13 bytes)
1749939916.633050 sending message 112 to peer 0x61ada693b760 (7 bytes)
1749939916.633054 sending message 112 to peer 0x61ada693b760 (13 bytes)
1749939916.633057 sending message 112 to peer 0x61ada693b760 (9 bytes)
1749939916.633060 sending message 112 to peer 0x61ada693b760 (21 bytes)
1749939916.633063 sending message 112 to peer 0x61ada693b760 (13 bytes)
1749939916.633066 sending message 112 to peer 0x61ada693b760 (9 bytes)
1749939916.633070 sending message 112 to peer 0x61ada693b760 (16 bytes)
1749939916.633073 sending message 112 to peer 0x61ada693b760 (13 bytes)
1749939916.633076 sending message 112 to peer 0x61ada693b760 (9 bytes)
1749939916.633078 sending message 112 to peer 0x61ada693b760 (9 bytes)
1749939916.633081 sending message 112 to peer 0x61ada693b760 (12 bytes)
1749939916.633084 sending message 112 to peer 0x61ada693b760 (8 bytes)
1749939916.633088 sending message 112 to peer 0x61ada693b760 (8 bytes)
1749939916.633091 sending message 112 to peer 0x61ada693b760 (13 bytes)
1749939916.633094 sending message 112 to peer 0x61ada693b760 (7 bytes)
1749939916.633097 sending message 112 to peer 0x61ada693b760 (7 bytes)
1749939916.633100 sending message 112 to peer 0x61ada693b760 (9 bytes)
1749939916.633103 sending message 112 to peer 0x61ada693b760 (9 bytes)
1749939916.633107 sending message 112 to peer 0x61ada693b760 (15 bytes)
1749939916.633514 sending message 112 to peer 0x61ada693b760 (13 bytes)
1749939916.633517 sending message 112 to peer 0x61ada693b760 (12 bytes)
1749939916.633520 sending message 112 to peer 0x61ada693b760 (8 bytes)
1749939916.633524 sending message 112 to peer 0x61ada693b760 (14 bytes)
1749939916.633527 sending message 112 to peer 0x61ada693b760 (11 bytes)
1749939916.633530 sending message 112 to peer 0x61ada693b760 (9 bytes)
1749939916.633533 sending message 112 to peer 0x61ada693b760 (10 bytes)
1749939916.633536 sending message 112 to peer 0x61ada693b760 (10 bytes)
1749939916.633540 sending message 112 to peer 0x61ada693b760 (10 bytes)
1749939916.633549 sending message 112 to peer 0x61ada693b760 (10 bytes)
1749939916.634007 sending message 112 to peer 0x61ada693b760 (11 bytes)
1749939916.634010 sending message 112 to peer 0x61ada693b760 (12 bytes)
1749939916.634012 sending message 112 to peer 0x61ada693b760 (12 bytes)
1749939916.634015 sending message 112 to peer 0x61ada693b760 (12 bytes)
1749939916.634018 sending message 112 to peer 0x61ada693b760 (12 bytes)
1749939916.634021 sending message 112 to peer 0x61ada693b760 (12 bytes)
1749939916.634024 sending message 112 to peer 0x61ada693b760 (11 bytes)
1749939916.634026 sending message 112 to peer 0x61ada693b760 (11 bytes)
1749939916.634030 sending message 112 to peer 0x61ada693b760 (12 bytes)
1749939916.634050 sending message 112 to peer 0x61ada693b760 (12 bytes)
1749939916.634052 sending message 112 to peer 0x61ada693b760 (12 bytes)
1749939916.634379 sending message 112 to peer 0x61ada693b760 (12 bytes)
1749939916.634381 sending message 112 to peer 0x61ada693b760 (12 bytes)
1749939916.634383 sending message 112 to peer 0x61ada693b760 (9 bytes)
1749939916.634384 sending message 112 to peer 0x61ada693b760 (12 bytes)
1749939916.634386 sending message 112 to peer 0x61ada693b760 (13 bytes)
1749939916.634389 sending message 112 to peer 0x61ada693b760 (13 bytes)
1749939916.634733 sending message 112 to peer 0x61ada693b760 (13 bytes)
1749939916.634734 sending message 112 to peer 0x61ada693b760 (13 bytes)
1749939916.634736 sending message 112 to peer 0x61ada693b760 (13 bytes)
1749939916.634738 sending message 112 to peer 0x61ada693b760 (8 bytes)
1749939916.634740 sending message 112 to peer 0x61ada693b760 (11 bytes)
1749939916.634742 sending message 112 to peer 0x61ada693b760 (11 bytes)
1749939916.635121 sending message 112 to peer 0x61ada693b760 (11 bytes)
1749939916.635123 sending message 112 to peer 0x61ada693b760 (12 bytes)
1749939916.635125 sending message 112 to peer 0x61ada693b760 (12 bytes)
1749939916.635127 sending message 112 to peer 0x61ada693b760 (12 bytes)
1749939916.635129 sending message 112 to peer 0x61ada693b760 (12 bytes)
1749939916.635132 sending message 112 to peer 0x61ada693b760 (13 bytes)
1749939916.635536 sending message 112 to peer 0x61ada693b760 (13 bytes)
1749939916.635538 sending message 112 to peer 0x61ada693b760 (13 bytes)
1749939916.635540 sending message 112 to peer 0x61ada693b760 (8 bytes)
1749939916.635542 sending message 112 to peer 0x61ada693b760 (13 bytes)
1749939916.635544 sending message 112 to peer 0x61ada693b760 (13 bytes)
1749939916.635546 sending message 112 to peer 0x61ada693b760 (13 bytes)
1749939916.635548 sending message 112 to peer 0x61ada693b760 (13 bytes)
1749939916.635885 sending message 112 to peer 0x61ada693b760 (13 bytes)
1749939916.635888 sending message 112 to peer 0x61ada693b760 (12 bytes)
1749939916.635889 sending message 112 to peer 0x61ada693b760 (12 bytes)
1749939916.635891 sending message 112 to peer 0x61ada693b760 (12 bytes)
1749939916.635894 sending message 112 to peer 0x61ada693b760 (12 bytes)
1749939916.635896 sending message 112 to peer 0x61ada693b760 (13 bytes)
1749939916.635900 sending message 112 to peer 0x61ada693b760 (8 bytes)
1749939916.635903 sending message 112 to peer 0x61ada693b760 (13 bytes)
1749939916.635905 sending message 112 to peer 0x61ada693b760 (13 bytes)
1749939916.636318 sending message 112 to peer 0x61ada693b760 (13 bytes)
1749939916.636321 sending message 112 to peer 0x61ada693b760 (13 bytes)
1749939916.636323 sending message 112 to peer 0x61ada693b760 (13 bytes)
1749939916.636324 sending message 112 to peer 0x61ada693b760 (13 bytes)
1749939916.636326 sending message 112 to peer 0x61ada693b760 (13 bytes)
1749939916.636328 sending message 112 to peer 0x61ada693b760 (12 bytes)
1749939916.636330 sending message 112 to peer 0x61ada693b760 (12 bytes)
1749939916.636712 sending message 112 to peer 0x61ada693b760 (12 bytes)
1749939916.636714 sending message 112 to peer 0x61ada693b760 (8 bytes)
1749939916.636716 sending message 112 to peer 0x61ada693b760 (12 bytes)
1749939916.636718 sending message 112 to peer 0x61ada693b760 (13 bytes)
1749939916.636722 sending message 112 to peer 0x61ada693b760 (13 bytes)
1749939916.636725 sending message 112 to peer 0x61ada693b760 (13 bytes)
1749939916.637110 sending message 112 to peer 0x61ada693b760 (13 bytes)
1749939916.637112 sending message 112 to peer 0x61ada693b760 (13 bytes)
1749939916.637113 sending message 112 to peer 0x61ada693b760 (13 bytes)
1749939916.637115 sending message 112 to peer 0x61ada693b760 (13 bytes)
1749939916.637117 sending message 112 to peer 0x61ada693b760 (13 bytes)
1749939916.637120 sending message 112 to peer 0x61ada693b760 (12 bytes)
1749939916.637488 sending message 112 to peer 0x61ada693b760 (10 bytes)
1749939916.637490 sending message 112 to peer 0x61ada693b760 (12 bytes)
1749939916.637492 sending message 112 to peer 0x61ada693b760 (12 bytes)
1749939916.637493 sending message 112 to peer 0x61ada693b760 (12 bytes)
1749939916.637496 sending message 112 to peer 0x61ada693b760 (13 bytes)
1749939916.637498 sending message 112 to peer 0x61ada693b760 (13 bytes)
1749939916.637500 sending message 112 to peer 0x61ada693b760 (13 bytes)
1749939916.637835 sending message 112 to peer 0x61ada693b760 (13 bytes)
1749939916.637838 sending message 112 to peer 0x61ada693b760 (13 bytes)
1749939916.637839 sending message 112 to peer 0x61ada693b760 (13 bytes)
1749939916.637841 sending message 112 to peer 0x61ada693b760 (13 bytes)
1749939916.637843 sending message 112 to peer 0x61ada693b760 (10 bytes)
1749939916.637846 sending message 112 to peer 0x61ada693b760 (13 bytes)
1749939916.638212 sending message 112 to peer 0x61ada693b760 (12 bytes)
1749939916.638214 sending message 112 to peer 0x61ada693b760 (12 bytes)
1749939916.638216 sending message 112 to peer 0x61ada693b760 (12 bytes)
1749939916.638217 sending message 112 to peer 0x61ada693b760 (10 bytes)
1749939916.638219 sending message 112 to peer 0x61ada693b760 (10 bytes)
1749939916.638221 sending message 112 to peer 0x61ada693b760 (10 bytes)
1749939916.638222 sending message 112 to peer 0x61ada693b760 (12 bytes)
1749939916.638224 sending message 112 to peer 0x61ada693b760 (13 bytes)
1749939916.638229 sending message 112 to peer 0x61ada693b760 (13 bytes)
1749939916.638579 sending message 112 to peer 0x61ada693b760 (13 bytes)
1749939916.638581 sending message 112 to peer 0x61ada693b760 (13 bytes)
1749939916.638583 sending message 112 to peer 0x61ada693b760 (13 bytes)
1749939916.638585 sending message 112 to peer 0x61ada693b760 (10 bytes)
1749939916.638587 sending message 112 to peer 0x61ada693b760 (11 bytes)
1749939916.638590 sending message 112 to peer 0x61ada693b760 (12 bytes)
1749939916.638973 sending message 112 to peer 0x61ada693b760 (12 bytes)
1749939916.638975 sending message 112 to peer 0x61ada693b760 (12 bytes)
1749939916.638977 sending message 112 to peer 0x61ada693b760 (12 bytes)
1749939916.638978 sending message 112 to peer 0x61ada693b760 (12 bytes)
1749939916.638980 sending message 112 to peer 0x61ada693b760 (11 bytes)
1749939916.638982 sending message 112 to peer 0x61ada693b760 (12 bytes)
1749939916.638987 sending message 112 to peer 0x61ada693b760 (12 bytes)
1749939916.638988 sending message 112 to peer 0x61ada693b760 (13 bytes)
1749939916.638990 sending message 112 to peer 0x61ada693b760 (13 bytes)
1749939916.638995 sending message 112 to peer 0x61ada693b760 (13 bytes)
1749939916.639359 sending message 112 to peer 0x61ada693b760 (13 bytes)
1749939916.639362 sending message 112 to peer 0x61ada693b760 (13 bytes)
1749939916.639364 sending message 112 to peer 0x61ada693b760 (10 bytes)
1749939916.639366 sending message 112 to peer 0x61ada693b760 (9 bytes)
1749939916.639368 sending message 112 to peer 0x61ada693b760 (12 bytes)
1749939916.639370 sending message 112 to peer 0x61ada693b760 (13 bytes)
1749939916.639751 sending message 112 to peer 0x61ada693b760 (13 bytes)
1749939916.639753 sending message 112 to peer 0x61ada693b760 (13 bytes)
1749939916.639755 sending message 112 to peer 0x61ada693b760 (13 bytes)
1749939916.639757 sending message 112 to peer 0x61ada693b760 (13 bytes)
1749939916.639758 sending message 112 to peer 0x61ada693b760 (9 bytes)
1749939916.639762 sending message 112 to peer 0x61ada693b760 (12 bytes)
1749939916.639763 sending message 112 to peer 0x61ada693b760 (13 bytes)
1749939916.640152 sending message 112 to peer 0x61ada693b760 (13 bytes)
1749939916.640154 sending message 112 to peer 0x61ada693b760 (13 bytes)
1749939916.640156 sending message 112 to peer 0x61ada693b760 (13 bytes)
1749939916.640158 sending message 112 to peer 0x61ada693b760 (13 bytes)
1749939916.640159 sending message 112 to peer 0x61ada693b760 (11 bytes)
1749939916.640454 sending message 112 to peer 0x61ada693b760 (12 bytes)
1749939916.640456 sending message 112 to peer 0x61ada693b760 (13 bytes)
1749939916.640458 sending message 112 to peer 0x61ada693b760 (13 bytes)
1749939916.640460 sending message 112 to peer 0x61ada693b760 (13 bytes)
1749939916.640462 sending message 112 to peer 0x61ada693b760 (13 bytes)
1749939916.640465 sending message 112 to peer 0x61ada693b760 (13 bytes)
1749939916.640798 sending message 112 to peer 0x61ada693b760 (11 bytes)
1749939916.640800 sending message 112 to peer 0x61ada693b760 (12 bytes)
1749939916.640802 sending message 112 to peer 0x61ada693b760 (12 bytes)
1749939916.640804 sending message 112 to peer 0x61ada693b760 (12 bytes)
1749939916.640806 sending message 112 to peer 0x61ada693b760 (12 bytes)
1749939916.640809 sending message 112 to peer 0x61ada693b760 (12 bytes)
1749939916.641120 sending message 112 to peer 0x61ada693b760 (21 bytes)
1749939916.641122 sending message 112 to peer 0x61ada693b760 (12 bytes)
1749939916.641124 sending message 112 to peer 0x61ada693b760 (9 bytes)
1749939916.641126 sending message 112 to peer 0x61ada693b760 (6 bytes)
1749939916.641128 sending message 112 to peer 0x61ada693b760 (13 bytes)
1749939916.641130 sending message 112 to peer 0x61ada693b760 (10 bytes)
1749939916.641132 sending message 112 to peer 0x61ada693b760 (24 bytes)
1749939916.641476 sending message 112 to peer 0x61ada693b760 (13 bytes)
1749939916.641478 sending message 112 to peer 0x61ada693b760 (9 bytes)
1749939916.641480 sending message 112 to peer 0x61ada693b760 (70 bytes)
1749939916.641482 sending message 112 to peer 0x61ada693b760 (69 bytes)
1749939916.641484 sending message 112 to peer 0x61ada693b760 (12 bytes)
1749939916.641486 sending message 112 to peer 0x61ada693b760 (10 bytes)
1749939916.641848 sending message 112 to peer 0x61ada693b760 (10 bytes)
1749939916.641850 sending message 112 to peer 0x61ada693b760 (24 bytes)
1749939916.641852 sending message 112 to peer 0x61ada693b760 (13 bytes)
1749939916.641854 sending message 112 to peer 0x61ada693b760 (10 bytes)
1749939916.641857 sending message 112 to peer 0x61ada693b760 (10 bytes)
1749939916.641859 sending message 112 to peer 0x61ada693b760 (10 bytes)
1749939916.642235 sending message 112 to peer 0x61ada693b760 (13 bytes)
1749939916.642238 sending message 112 to peer 0x61ada693b760 (15 bytes)
1749939916.642240 sending message 112 to peer 0x61ada693b760 (5 bytes)
1749939916.642242 sending message 104 to peer 0x61ada693b760 (0 bytes)
1749939916.642244 sending message 110 to peer 0x61ada693b760 (0 bytes)
1749939916.642246 sending message 107 to peer 0x61ada693b760 (4 bytes)
1749939916.642249 sending message 105 to peer 0x61ada693b760 (16 bytes)
1749939916.642591 sending message 105 to peer 0x61ada693b760 (20 bytes)
1749939916.642593 sending message 105 to peer 0x61ada693b760 (159 bytes)
1749939916.642596 sending message 105 to peer 0x61ada693b760 (29 bytes)
1749939916.642598 sending message 105 to peer 0x61ada693b760 (31 bytes)
1749939916.642601 sending message 105 to peer 0x61ada693b760 (7 bytes)
1749939916.642603 sending message 105 to peer 0x61ada693b760 (18 bytes)
1749939916.642961 sending message 105 to peer 0x61ada693b760 (33 bytes)
1749939916.642964 sending message 105 to peer 0x61ada693b760 (25 bytes)
1749939916.642966 sending message 105 to peer 0x61ada693b760 (14 bytes)
1749939916.642969 sending message 105 to peer 0x61ada693b760 (22 bytes)
1749939916.642971 sending message 105 to peer 0x61ada693b760 (21 bytes)
1749939916.642973 sending message 105 to peer 0x61ada693b760 (46 bytes)
1749939916.643403 sending message 105 to peer 0x61ada693b760 (107 bytes)
1749939916.643406 sending message 105 to peer 0x61ada693b760 (123 bytes)
1749939916.643408 sending message 105 to peer 0x61ada693b760 (17 bytes)
1749939916.643410 sending message 105 to peer 0x61ada693b760 (17 bytes)
1749939916.643412 sending message 105 to peer 0x61ada693b760 (1817 bytes)
1749939916.643423 sending message 105 to peer 0x61ada693b760 (32 bytes)
1749939916.643739 sending message 105 to peer 0x61ada693b760 (34 bytes)
1749939916.643742 sending message 105 to peer 0x61ada693b760 (137 bytes)
1749939916.643744 sending message 105 to peer 0x61ada693b760 (86 bytes)
1749939916.643745 sending message 105 to peer 0x61ada693b760 (31 bytes)
1749939916.644068 sending message 105 to peer 0x61ada693b760 (62 bytes)
1749939916.644070 sending message 105 to peer 0x61ada693b760 (34 bytes)
1749939916.644072 sending message 105 to peer 0x61ada693b760 (23 bytes)
1749939916.644074 sending message 105 to peer 0x61ada693b760 (20 bytes)
1749939916.644077 sending message 105 to peer 0x61ada693b760 (11 bytes)
1749939916.644080 sending message 105 to peer 0x61ada693b760 (32 bytes)
1749939916.644397 sending message 105 to peer 0x61ada693b760 (11 bytes)
1749939916.644399 sending message 105 to peer 0x61ada693b760 (64 bytes)
1749939916.644401 sending message 105 to peer 0x61ada693b760 (14 bytes)
1749939916.644404 sending message 105 to peer 0x61ada693b760 (8 bytes)
1749939916.644406 sending message 105 to peer 0x61ada693b760 (21 bytes)
1749939916.644409 sending message 105 to peer 0x61ada693b760 (39 bytes)
1749939916.644758 sending message 105 to peer 0x61ada693b760 (51 bytes)
1749939916.644761 sending message 105 to peer 0x61ada693b760 (31 bytes)
1749939916.644763 sending message 105 to peer 0x61ada693b760 (36 bytes)
1749939916.644766 sending message 105 to peer 0x61ada693b760 (166 bytes)
1749939916.644768 sending message 105 to peer 0x61ada693b760 (43 bytes)
1749939916.644771 sending message 105 to peer 0x61ada693b760 (27 bytes)
1749939916.645107 sending message 105 to peer 0x61ada693b760 (47 bytes)
1749939916.645110 sending message 105 to peer 0x61ada693b760 (154 bytes)
1749939916.645113 sending message 105 to peer 0x61ada693b760 (125 bytes)
1749939916.645117 sending message 105 to peer 0x61ada693b760 (916 bytes)
1749939916.645120 sending message 105 to peer 0x61ada693b760 (54 bytes)
1749939916.645493 sending message 105 to peer 0x61ada693b760 (26 bytes)
1749939916.645495 sending message 105 to peer 0x61ada693b760 (48 bytes)
1749939916.645497 sending message 105 to peer 0x61ada693b760 (20 bytes)
1749939916.645501 sending message 105 to peer 0x61ada693b760 (88 bytes)
1749939916.645503 sending message 105 to peer 0x61ada693b760 (16 bytes)
1749939916.645505 sending message 106 to peer 0x61ada693b760 (0 bytes)
1749939916.645910 sending message 200 to peer 0x61ada693b760 (4 bytes)
1749939916.646273 client loop enter
1749939926.830809 client_signal: Hangup
1749939926.830855 client loop exit
